{"numFailedTestSuites":0,"numFailedTests":0,"numPassedTestSuites":1,"numPassedTests":1,"numPendingTestSuites":0,"numPendingTests":0,"numRuntimeErrorTestSuites":0,"numTodoTests":0,"numTotalTestSuites":1,"numTotalTests":1,"openHandles":[],"snapshot":{"added":1,"didUpdate":false,"failure":false,"filesAdded":1,"filesRemoved":0,"filesRemovedList":[],"filesUnmatched":0,"filesUpdated":0,"matched":0,"total":1,"unchecked":0,"uncheckedKeysByFile":[],"unmatched":0,"updated":0},"startTime":1610331041727,"success":true,"testResults":[{"assertionResults":[{"ancestorTitles":["<Button />"],"failureMessages":[],"fullName":"<Button /> should render the medium size button by default","location":null,"status":"passed","title":"should render the medium size button by default"}],"endTime":1610331045154,"message":"","name":"/home/coderamos/GITHUB/DESIGN/pink-design/src/components/Button/test.tsx","startTime":1610331042973,"status":"passed","summary":""}],"wasInterrupted":false,"coverageMap":{"/home/coderamos/GITHUB/DESIGN/pink-design/src/components/Button/index.tsx":{"path":"/home/coderamos/GITHUB/DESIGN/pink-design/src/components/Button/index.tsx","statementMap":{"0":{"start":{"line":1,"column":0},"end":{"line":1,"column":null}},"1":{"start":{"line":9,"column":0},"end":{"line":9,"column":30}},"2":{"start":{"line":27,"column":4},"end":{"line":51,"column":2}},"3":{"start":{"line":29,"column":12},"end":{"line":29,"column":null}},"4":{"start":{"line":30,"column":4},"end":{"line":30,"column":14}},"5":{"start":{"line":30,"column":14},"end":{"line":30,"column":null}},"6":{"start":{"line":31,"column":4},"end":{"line":31,"column":13}},"7":{"start":{"line":31,"column":13},"end":{"line":31,"column":null}},"8":{"start":{"line":32,"column":8},"end":{"line":32,"column":null}},"9":{"start":{"line":33,"column":4},"end":{"line":33,"column":11}},"10":{"start":{"line":33,"column":11},"end":{"line":33,"column":null}},"11":{"start":{"line":34,"column":4},"end":{"line":34,"column":8}},"12":{"start":{"line":34,"column":8},"end":{"line":34,"column":null}},"13":{"start":{"line":35,"column":12},"end":{"line":36,"column":null}},"14":{"start":{"line":38,"column":5},"end":{"line":51,"column":2}},"15":{"start":{"line":24,"column":13},"end":{"line":24,"column":null}},"16":{"start":{"line":53,"column":0},"end":{"line":53,"column":34}}},"fnMap":{"0":{"name":"(anonymous_9)","decl":{"start":{"line":27,"column":4},"end":{"line":27,"column":null}},"loc":{"start":{"line":37,"column":5},"end":{"line":51,"column":2}}}},"branchMap":{"0":{"loc":{"start":{"line":30,"column":17},"end":{"line":30,"column":26}},"type":"cond-expr","locations":[{"start":{"line":30,"column":17},"end":{"line":30,"column":26}},{"start":{"line":30,"column":26},"end":{"line":30,"column":null}}]},"1":{"loc":{"start":{"line":31,"column":16},"end":{"line":31,"column":21}},"type":"cond-expr","locations":[{"start":{"line":31,"column":16},"end":{"line":31,"column":21}},{"start":{"line":31,"column":21},"end":{"line":31,"column":null}}]},"2":{"loc":{"start":{"line":33,"column":14},"end":{"line":33,"column":19}},"type":"cond-expr","locations":[{"start":{"line":33,"column":14},"end":{"line":33,"column":19}},{"start":{"line":33,"column":19},"end":{"line":33,"column":null}}]},"3":{"loc":{"start":{"line":34,"column":11},"end":{"line":34,"column":19}},"type":"cond-expr","locations":[{"start":{"line":34,"column":11},"end":{"line":34,"column":19}},{"start":{"line":34,"column":19},"end":{"line":34,"column":null}}]},"4":{"loc":{"start":{"line":48,"column":5},"end":{"line":48,"column":11}},"type":"binary-expr","locations":[{"start":{"line":48,"column":5},"end":{"line":48,"column":11}},{"start":{"line":48,"column":15},"end":{"line":48,"column":19}}]},"5":{"loc":{"start":{"line":49,"column":5},"end":{"line":49,"column":15}},"type":"binary-expr","locations":[{"start":{"line":49,"column":5},"end":{"line":49,"column":15}},{"start":{"line":49,"column":19},"end":{"line":49,"column":60}}]}},"s":{"0":1,"1":1,"2":1,"3":1,"4":1,"5":1,"6":1,"7":1,"8":1,"9":1,"10":1,"11":1,"12":1,"13":1,"14":1,"15":1,"16":1},"f":{"0":1},"b":{"0":[1,0],"1":[1,0],"2":[1,0],"3":[1,0],"4":[1,0],"5":[1,1]}},"/home/coderamos/GITHUB/DESIGN/pink-design/src/components/Button/styles.ts":{"path":"/home/coderamos/GITHUB/DESIGN/pink-design/src/components/Button/styles.ts","statementMap":{"0":{"start":{"line":1,"column":0},"end":{"line":1,"column":62}},"1":{"start":{"line":2,"column":0},"end":{"line":2,"column":40}},"2":{"start":{"line":12,"column":24},"end":{"line":82,"column":2}},"3":{"start":{"line":13,"column":59},"end":{"line":18,"column":null}},"4":{"start":{"line":21,"column":61},"end":{"line":28,"column":null}},"5":{"start":{"line":31,"column":57},"end":{"line":38,"column":null}},"6":{"start":{"line":41,"column":57},"end":{"line":46,"column":null}},"7":{"start":{"line":49,"column":34},"end":{"line":52,"column":null}},"8":{"start":{"line":55,"column":35},"end":{"line":58,"column":null}},"9":{"start":{"line":60,"column":34},"end":{"line":63,"column":null}},"10":{"start":{"line":65,"column":19},"end":{"line":67,"column":null}},"11":{"start":{"line":68,"column":37},"end":{"line":72,"column":null}},"12":{"start":{"line":76,"column":18},"end":{"line":81,"column":null}},"13":{"start":{"line":84,"column":13},"end":{"line":103,"column":null}},"14":{"start":{"line":85,"column":12},"end":{"line":85,"column":14}},"15":{"start":{"line":85,"column":18},"end":{"line":85,"column":20}},"16":{"start":{"line":85,"column":29},"end":{"line":85,"column":31}},"17":{"start":{"line":85,"column":38},"end":{"line":85,"column":40}},"18":{"start":{"line":85,"column":47},"end":{"line":85,"column":49}},"19":{"start":{"line":85,"column":59},"end":{"line":85,"column":61}},"20":{"start":{"line":85,"column":69},"end":{"line":85,"column":71}},"21":{"start":{"line":85,"column":76},"end":{"line":102,"column":null}},"22":{"start":{"line":106,"column":13},"end":{"line":106,"column":41}}},"fnMap":{"0":{"name":"(anonymous_7)","decl":{"start":{"line":13,"column":11},"end":{"line":13,"column":12}},"loc":{"start":{"line":13,"column":54},"end":{"line":13,"column":62}}},"1":{"name":"(anonymous_8)","decl":{"start":{"line":21,"column":13},"end":{"line":21,"column":14}},"loc":{"start":{"line":21,"column":56},"end":{"line":21,"column":64}}},"2":{"name":"(anonymous_9)","decl":{"start":{"line":31,"column":9},"end":{"line":31,"column":10}},"loc":{"start":{"line":31,"column":52},"end":{"line":31,"column":60}}},"3":{"name":"(anonymous_10)","decl":{"start":{"line":41,"column":9},"end":{"line":41,"column":10}},"loc":{"start":{"line":41,"column":52},"end":{"line":41,"column":60}}},"4":{"name":"(anonymous_11)","decl":{"start":{"line":49,"column":9},"end":{"line":49,"column":10}},"loc":{"start":{"line":49,"column":29},"end":{"line":49,"column":37}}},"5":{"name":"(anonymous_12)","decl":{"start":{"line":55,"column":10},"end":{"line":55,"column":11}},"loc":{"start":{"line":55,"column":30},"end":{"line":55,"column":38}}},"6":{"name":"(anonymous_13)","decl":{"start":{"line":60,"column":9},"end":{"line":60,"column":10}},"loc":{"start":{"line":60,"column":29},"end":{"line":60,"column":37}}},"7":{"name":"(anonymous_14)","decl":{"start":{"line":65,"column":13},"end":{"line":65,"column":19}},"loc":{"start":{"line":65,"column":13},"end":{"line":65,"column":22}}},"8":{"name":"(anonymous_15)","decl":{"start":{"line":68,"column":12},"end":{"line":68,"column":13}},"loc":{"start":{"line":68,"column":32},"end":{"line":68,"column":40}}},"9":{"name":"(anonymous_16)","decl":{"start":{"line":76,"column":12},"end":{"line":76,"column":18}},"loc":{"start":{"line":76,"column":12},"end":{"line":76,"column":21}}},"10":{"name":"(anonymous_17)","decl":{"start":{"line":85,"column":4},"end":{"line":85,"column":5}},"loc":{"start":{"line":85,"column":71},"end":{"line":85,"column":79}}}},"branchMap":{"0":{"loc":{"start":{"line":13,"column":62},"end":{"line":13,"column":null}},"type":"binary-expr","locations":[{"start":{"line":13,"column":62},"end":{"line":13,"column":null}},{"start":{"line":13,"column":62},"end":{"line":20,"column":null}}]},"1":{"loc":{"start":{"line":14,"column":28},"end":{"line":14,"column":34}},"type":"cond-expr","locations":[{"start":{"line":14,"column":28},"end":{"line":14,"column":34}},{"start":{"line":14,"column":37},"end":{"line":14,"column":57}}]},"2":{"loc":{"start":{"line":15,"column":23},"end":{"line":15,"column":43}},"type":"cond-expr","locations":[{"start":{"line":15,"column":23},"end":{"line":15,"column":43}},{"start":{"line":15,"column":46},"end":{"line":15,"column":64}}]},"3":{"loc":{"start":{"line":17,"column":30},"end":{"line":17,"column":36}},"type":"cond-expr","locations":[{"start":{"line":17,"column":30},"end":{"line":17,"column":36}},{"start":{"line":17,"column":39},"end":{"line":17,"column":70}}]},"4":{"loc":{"start":{"line":18,"column":25},"end":{"line":18,"column":45}},"type":"cond-expr","locations":[{"start":{"line":18,"column":25},"end":{"line":18,"column":45}},{"start":{"line":18,"column":48},"end":{"line":18,"column":68}}]},"5":{"loc":{"start":{"line":21,"column":64},"end":{"line":21,"column":null}},"type":"binary-expr","locations":[{"start":{"line":21,"column":64},"end":{"line":21,"column":null}},{"start":{"line":21,"column":64},"end":{"line":30,"column":null}}]},"6":{"loc":{"start":{"line":22,"column":28},"end":{"line":22,"column":34}},"type":"cond-expr","locations":[{"start":{"line":22,"column":28},"end":{"line":22,"column":34}},{"start":{"line":22,"column":37},"end":{"line":22,"column":59}}]},"7":{"loc":{"start":{"line":23,"column":23},"end":{"line":23,"column":45}},"type":"cond-expr","locations":[{"start":{"line":23,"column":23},"end":{"line":23,"column":45}},{"start":{"line":23,"column":48},"end":{"line":23,"column":66}}]},"8":{"loc":{"start":{"line":25,"column":30},"end":{"line":25,"column":36}},"type":"cond-expr","locations":[{"start":{"line":25,"column":30},"end":{"line":25,"column":36}},{"start":{"line":25,"column":39},"end":{"line":25,"column":72}}]},"9":{"loc":{"start":{"line":27,"column":10},"end":{"line":27,"column":43}},"type":"cond-expr","locations":[{"start":{"line":27,"column":10},"end":{"line":27,"column":43}},{"start":{"line":28,"column":10},"end":{"line":28,"column":28}}]},"10":{"loc":{"start":{"line":31,"column":60},"end":{"line":31,"column":null}},"type":"binary-expr","locations":[{"start":{"line":31,"column":60},"end":{"line":31,"column":null}},{"start":{"line":31,"column":60},"end":{"line":40,"column":null}}]},"11":{"loc":{"start":{"line":32,"column":28},"end":{"line":32,"column":34}},"type":"cond-expr","locations":[{"start":{"line":32,"column":28},"end":{"line":32,"column":34}},{"start":{"line":32,"column":37},"end":{"line":32,"column":55}}]},"12":{"loc":{"start":{"line":33,"column":23},"end":{"line":33,"column":41}},"type":"cond-expr","locations":[{"start":{"line":33,"column":23},"end":{"line":33,"column":41}},{"start":{"line":33,"column":44},"end":{"line":33,"column":66}}]},"13":{"loc":{"start":{"line":35,"column":30},"end":{"line":35,"column":36}},"type":"cond-expr","locations":[{"start":{"line":35,"column":30},"end":{"line":35,"column":36}},{"start":{"line":35,"column":39},"end":{"line":35,"column":68}}]},"14":{"loc":{"start":{"line":37,"column":10},"end":{"line":37,"column":39}},"type":"cond-expr","locations":[{"start":{"line":37,"column":10},"end":{"line":37,"column":39}},{"start":{"line":38,"column":10},"end":{"line":38,"column":32}}]},"15":{"loc":{"start":{"line":41,"column":60},"end":{"line":41,"column":null}},"type":"binary-expr","locations":[{"start":{"line":41,"column":60},"end":{"line":41,"column":null}},{"start":{"line":41,"column":60},"end":{"line":48,"column":null}}]},"16":{"loc":{"start":{"line":42,"column":28},"end":{"line":42,"column":34}},"type":"cond-expr","locations":[{"start":{"line":42,"column":28},"end":{"line":42,"column":34}},{"start":{"line":42,"column":37},"end":{"line":42,"column":55}}]},"17":{"loc":{"start":{"line":49,"column":37},"end":{"line":49,"column":null}},"type":"binary-expr","locations":[{"start":{"line":49,"column":37},"end":{"line":49,"column":null}},{"start":{"line":49,"column":37},"end":{"line":54,"column":null}}]},"18":{"loc":{"start":{"line":55,"column":38},"end":{"line":55,"column":null}},"type":"binary-expr","locations":[{"start":{"line":55,"column":38},"end":{"line":55,"column":null}},{"start":{"line":55,"column":38},"end":{"line":59,"column":null}}]},"19":{"loc":{"start":{"line":60,"column":37},"end":{"line":60,"column":null}},"type":"binary-expr","locations":[{"start":{"line":60,"column":37},"end":{"line":60,"column":null}},{"start":{"line":60,"column":37},"end":{"line":64,"column":null}}]},"20":{"loc":{"start":{"line":65,"column":22},"end":{"line":65,"column":null}},"type":"binary-expr","locations":[{"start":{"line":65,"column":22},"end":{"line":65,"column":null}},{"start":{"line":65,"column":22},"end":{"line":67,"column":null}}]},"21":{"loc":{"start":{"line":68,"column":40},"end":{"line":68,"column":null}},"type":"binary-expr","locations":[{"start":{"line":68,"column":40},"end":{"line":68,"column":null}},{"start":{"line":68,"column":40},"end":{"line":75,"column":null}}]},"22":{"loc":{"start":{"line":76,"column":21},"end":{"line":76,"column":null}},"type":"binary-expr","locations":[{"start":{"line":76,"column":21},"end":{"line":76,"column":null}},{"start":{"line":76,"column":21},"end":{"line":81,"column":null}}]},"23":{"loc":{"start":{"line":84,"column":36},"end":{"line":84,"column":50}},"type":"binary-expr","locations":[{"start":{"line":84,"column":36},"end":{"line":84,"column":50}},{"start":{"line":84,"column":36},"end":{"line":104,"column":2}}]},"24":{"loc":{"start":{"line":85,"column":79},"end":{"line":85,"column":null}},"type":"binary-expr","locations":[{"start":{"line":85,"column":79},"end":{"line":85,"column":null}},{"start":{"line":85,"column":79},"end":{"line":103,"column":null}}]},"25":{"loc":{"start":{"line":98,"column":6},"end":{"line":98,"column":12}},"type":"binary-expr","locations":[{"start":{"line":98,"column":6},"end":{"line":98,"column":12}},{"start":{"line":98,"column":16},"end":{"line":98,"column":44}}]},"26":{"loc":{"start":{"line":99,"column":6},"end":{"line":99,"column":17}},"type":"binary-expr","locations":[{"start":{"line":99,"column":6},"end":{"line":99,"column":17}},{"start":{"line":99,"column":21},"end":{"line":99,"column":46}}]},"27":{"loc":{"start":{"line":100,"column":6},"end":{"line":100,"column":15}},"type":"binary-expr","locations":[{"start":{"line":100,"column":6},"end":{"line":100,"column":15}},{"start":{"line":100,"column":19},"end":{"line":100,"column":50}}]},"28":{"loc":{"start":{"line":101,"column":6},"end":{"line":101,"column":18}},"type":"binary-expr","locations":[{"start":{"line":101,"column":6},"end":{"line":101,"column":18}},{"start":{"line":101,"column":22},"end":{"line":101,"column":65}}]},"29":{"loc":{"start":{"line":102,"column":6},"end":{"line":102,"column":14}},"type":"binary-expr","locations":[{"start":{"line":102,"column":6},"end":{"line":102,"column":14}},{"start":{"line":102,"column":18},"end":{"line":102,"column":44}}]},"30":{"loc":{"start":{"line":106,"column":38},"end":{"line":106,"column":40}},"type":"binary-expr","locations":[{"start":{"line":106,"column":38},"end":{"line":106,"column":40}},{"start":{"line":106,"column":38},"end":{"line":106,"column":41}}]}},"s":{"0":1,"1":1,"2":1,"3":1,"4":0,"5":0,"6":0,"7":0,"8":1,"9":0,"10":0,"11":0,"12":0,"13":1,"14":1,"15":1,"16":1,"17":1,"18":1,"19":1,"20":1,"21":1,"22":1},"f":{"0":1,"1":0,"2":0,"3":0,"4":0,"5":1,"6":0,"7":0,"8":0,"9":0,"10":1},"b":{"0":[1,1],"1":[0,1],"2":[0,1],"3":[0,1],"4":[0,1],"5":[0,0],"6":[0,0],"7":[0,0],"8":[0,0],"9":[0,0],"10":[0,0],"11":[0,0],"12":[0,0],"13":[0,0],"14":[0,0],"15":[0,0],"16":[0,0],"17":[0,0],"18":[1,1],"19":[0,0],"20":[0,0],"21":[0,0],"22":[0,0],"23":[1,1],"24":[1,1],"25":[1,1],"26":[1,0],"27":[1,0],"28":[1,1],"29":[1,0],"30":[1,1]}}}}